<?xml version="1.0" encoding="UTF-8"?>
<!-- Generated by org.testng.reporters.JUnitReportReporter -->
<testsuite skipped="0" hostname="DESKTOP-9ECRCSO" name="Indus.NewSiteNavigationTest" tests="1" failures="0" timestamp="2020-01-14T13:03:09 IST" time="0.316" errors="0">
  <testcase name="newSiteNavigation" time="0.316" classname="Indus.NewSiteNavigationTest"/>
</testsuite> <!-- Indus.NewSiteNavigationTest -->
