<?xml version="1.0" encoding="UTF-8"?>
<!-- Generated by org.testng.reporters.JUnitReportReporter -->
<testsuite skipped="0" hostname="DESKTOP-9ECRCSO" name="Indus.NewSiteNavigation" tests="3" failures="0" timestamp="10 Jan 2020 02:07:17 GMT" time="58.389" errors="0">
  <testcase name="SignInTest" time="19.014" classname="Indus.NewSiteNavigation"/>
  <testcase name="newSiteNavigation" time="0.552" classname="Indus.NewSiteNavigation"/>
  <testcase name="SelectNewSiteValues" time="38.823" classname="Indus.NewSiteNavigation"/>
</testsuite> <!-- Indus.NewSiteNavigation -->
